<?xml version="1.0" encoding="UTF-8"?>
<!-- Generated by org.testng.reporters.JUnitXMLReporter -->
<testsuite hostname="LAPTOP-8HTS703C" failures="0" tests="5" name="Login" time="21.682" errors="0" timestamp="7 Apr 2024 23:49:38 GMT">
  <testcase classname="com.training.testcases.LoginTest" name="loginPagePassword_TC1" time="1.279"/>
  <testcase classname="com.training.testcases.LoginTest" name="login_TC2" time="2.496"/>
  <testcase classname="com.training.testcases.LoginTest" name="rememberme_TC3" time="5.218"/>
  <testcase classname="com.training.testcases.LoginTest" name="loginTestForgotPassword_TC4A" time="0.447"/>
  <testcase classname="com.training.testcases.LoginTest" name="loginTestWrongDetail_TC4B" time="0.703"/>
</testsuite> <!-- Login -->
